#
# There is insufficient memory for the Java Runtime Environment to continue.
# Native memory allocation (malloc) failed to allocate 1048576 bytes for AllocateHeap
# Possible reasons:
#   The system is out of physical RAM or swap space
#   The process is running with CompressedOops enabled, and the Java Heap may be blocking the growth of the native heap
# Possible solutions:
#   Reduce memory load on the system
#   Increase physical memory or swap space
#   Check if swap backing store is full
#   Decrease Java heap size (-Xmx/-Xms)
#   Decrease number of Java threads
#   Decrease Java thread stack sizes (-Xss)
#   Set larger code cache with -XX:ReservedCodeCacheSize=
#   JVM is running with Zero Based Compressed Oops mode in which the Java heap is
#     placed in the first 32GB address space. The Java Heap base address is the
#     maximum limit for the native heap growth. Please use -XX:HeapBaseMinAddress
#     to set the Java Heap base and to place the Java Heap above 32GB virtual address.
# This output file may be truncated or incomplete.
#
#  Out of Memory Error (memory/allocation.inline.hpp:61), pid=23588, tid=0x0000000000002820
#
# JRE version:  (8.0_251-b08) (build )
# Java VM: Java HotSpot(TM) 64-Bit Server VM (25.251-b08 mixed mode windows-amd64 compressed oops)
# Failed to write core dump. Minidumps are not enabled by default on client versions of Windows
#

---------------  T H R E A D  ---------------

Current thread (0x0000000002944000):  JavaThread "Unknown thread" [_thread_in_vm, id=10272, stack(0x0000000002740000,0x0000000002840000)]

Stack: [0x0000000002740000,0x0000000002840000]
[error occurred during error reporting (printing stack bounds), id 0xc0000005]

Native frames: (J=compiled Java code, j=interpreted, Vv=VM code, C=native code)


---------------  P R O C E S S  ---------------

Java Threads: ( => current thread )

Other Threads:

=>0x0000000002944000 (exited) JavaThread "Unknown thread" [_thread_in_vm, id=10272, stack(0x0000000002740000,0x0000000002840000)]

VM state:not at safepoint (normal execution)

VM Mutex/Monitor currently owned by a thread: None

heap address: 0x00000006c0800000, size: 4088 MB, Compressed Oops mode: Zero based, Oop shift amount: 3
Narrow klass base: 0x0000000000000000, Narrow klass shift: 3
Compressed class space size: 1073741824 Address: 0x00000007c0000000

Heap:
 PSYoungGen      total 76288K, used 1310K [0x000000076ad80000, 0x0000000770280000, 0x00000007c0000000)
  eden space 65536K, 2% used [0x000000076ad80000,0x000000076aec7af0,0x000000076ed80000)
  from space 10752K, 0% used [0x000000076f800000,0x000000076f800000,0x0000000770280000)
  to   space 10752K, 0% used [0x000000076ed80000,0x000000076ed80000,0x000000076f800000)
 ParOldGen       total 175104K, used 0K [0x00000006c0800000, 0x00000006cb300000, 0x000000076ad80000)
  object space 175104K, 0% used [0x00000006c0800000,0x00000006c0800000,0x00000006cb300000)
 Metaspace       used 787K, capacity 4480K, committed 4480K, reserved 1056768K
  class space    used 76K, capacity 384K, committed 384K, reserved 1048576K

Card table byte_map: [0x0000000011e00000,0x0000000012600000] byte_map_base: 0x000000000e7fc000

Marking Bits: (ParMarkBitMap*) 0x00000000537caf90
 Begin Bits: [0x0000000013160000, 0x0000000017140000)
 End Bits:   [0x0000000017140000, 0x000000001b120000)

Polling page: 0x0000000002250000

CodeCache: size=245760Kb used=328Kb max_used=328Kb free=245431Kb
 bounds [0x0000000002a40000, 0x0000000002cb0000, 0x0000000011a40000]
 total_blobs=58 nmethods=0 adapters=38
 compilation: enabled

Compilation events (0 events):
No events

GC Heap History (0 events):
No events

Deoptimization events (0 events):
No events

Classes redefined (0 events):
No events

Internal exceptions (0 events):
No events

Events (10 events):
Event: 0.022 loading class java/lang/Short
Event: 0.022 loading class java/lang/Short done
Event: 0.022 loading class java/lang/Integer
Event: 0.022 loading class java/lang/Integer done
Event: 0.022 loading class java/lang/Long
Event: 0.022 loading class java/lang/Long done
Event: 0.023 loading class java/lang/NullPointerException
Event: 0.023 loading class java/lang/NullPointerException done
Event: 0.023 loading class java/lang/ArithmeticException
Event: 0.023 loading class java/lang/ArithmeticException done


Dynamic libraries:
0x00007ff7cdce0000 - 0x00007ff7cdd17000 	C:\Program Files\Java\jdk1.8.0_251\bin\java.exe
0x00007ffd88330000 - 0x00007ffd88528000 	C:\WINDOWS\SYSTEM32\ntdll.dll
0x00007ffd87d60000 - 0x00007ffd87e1f000 	C:\WINDOWS\System32\KERNEL32.DLL
0x00007ffd85d20000 - 0x00007ffd85ff2000 	C:\WINDOWS\System32\KERNELBASE.dll
0x00007ffd86a80000 - 0x00007ffd86b2e000 	C:\WINDOWS\System32\ADVAPI32.dll
0x00007ffd87fe0000 - 0x00007ffd8807e000 	C:\WINDOWS\System32\msvcrt.dll
0x00007ffd86c50000 - 0x00007ffd86cec000 	C:\WINDOWS\System32\sechost.dll
0x00007ffd86370000 - 0x00007ffd86495000 	C:\WINDOWS\System32\RPCRT4.dll
0x00007ffd88140000 - 0x00007ffd882e1000 	C:\WINDOWS\System32\USER32.dll
0x00007ffd86160000 - 0x00007ffd86182000 	C:\WINDOWS\System32\win32u.dll
0x00007ffd86920000 - 0x00007ffd8694b000 	C:\WINDOWS\System32\GDI32.dll
0x00007ffd85c10000 - 0x00007ffd85d1f000 	C:\WINDOWS\System32\gdi32full.dll
0x00007ffd85a20000 - 0x00007ffd85abd000 	C:\WINDOWS\System32\msvcp_win.dll
0x00007ffd85b10000 - 0x00007ffd85c10000 	C:\WINDOWS\System32\ucrtbase.dll
0x00007ffd69df0000 - 0x00007ffd6a08a000 	C:\WINDOWS\WinSxS\amd64_microsoft.windows.common-controls_6595b64144ccf1df_6.0.19041.1110_none_60b5254171f9507e\COMCTL32.dll
0x00007ffd880a0000 - 0x00007ffd880d2000 	C:\WINDOWS\System32\IMM32.DLL
0x0000000054ad0000 - 0x0000000054ba2000 	C:\Program Files\Java\jdk1.8.0_251\jre\bin\msvcr100.dll
0x0000000052fa0000 - 0x000000005384b000 	C:\Program Files\Java\jdk1.8.0_251\jre\bin\server\jvm.dll
0x00007ffd86910000 - 0x00007ffd86918000 	C:\WINDOWS\System32\PSAPI.DLL
0x00007ffd7c380000 - 0x00007ffd7c389000 	C:\WINDOWS\SYSTEM32\WSOCK32.dll
0x00007ffd86d00000 - 0x00007ffd86d6b000 	C:\WINDOWS\System32\WS2_32.dll
0x00007ffd7db50000 - 0x00007ffd7db77000 	C:\WINDOWS\SYSTEM32\WINMM.dll
0x00007ffd7f090000 - 0x00007ffd7f09a000 	C:\WINDOWS\SYSTEM32\VERSION.dll
0x00007ffd7c490000 - 0x00007ffd7c49f000 	C:\Program Files\Java\jdk1.8.0_251\jre\bin\verify.dll
0x00007ffd7c460000 - 0x00007ffd7c489000 	C:\Program Files\Java\jdk1.8.0_251\jre\bin\java.dll
0x00007ffd65130000 - 0x00007ffd65165000 	C:\Program Files\Java\jdk1.8.0_251\jre\bin\jdwp.dll
0x00007ffd79f80000 - 0x00007ffd79f88000 	C:\Program Files\Java\jdk1.8.0_251\jre\bin\npt.dll
0x00007ffd61c20000 - 0x00007ffd61c43000 	C:\Program Files\Java\jdk1.8.0_251\jre\bin\instrument.dll
0x00007ffd61c50000 - 0x00007ffd61c66000 	C:\Program Files\Java\jdk1.8.0_251\jre\bin\zip.dll

VM Arguments:
jvm_args: -agentlib:jdwp=transport=dt_socket,address=127.0.0.1:64957,suspend=y,server=n -javaagent:C:\Users\Admin\AppData\Local\JetBrains\IdeaIC2020.1\captureAgent\debugger-agent.jar -Dfile.encoding=UTF-8 
java_command: com.linseven.imclient.IMClient
java_class_path (initial): C:\Program Files\Java\jdk1.8.0_251\jre\lib\charsets.jar;C:\Program Files\Java\jdk1.8.0_251\jre\lib\deploy.jar;C:\Program Files\Java\jdk1.8.0_251\jre\lib\ext\access-bridge-64.jar;C:\Program Files\Java\jdk1.8.0_251\jre\lib\ext\cldrdata.jar;C:\Program Files\Java\jdk1.8.0_251\jre\lib\ext\dnsns.jar;C:\Program Files\Java\jdk1.8.0_251\jre\lib\ext\jaccess.jar;C:\Program Files\Java\jdk1.8.0_251\jre\lib\ext\jfxrt.jar;C:\Program Files\Java\jdk1.8.0_251\jre\lib\ext\localedata.jar;C:\Program Files\Java\jdk1.8.0_251\jre\lib\ext\nashorn.jar;C:\Program Files\Java\jdk1.8.0_251\jre\lib\ext\sunec.jar;C:\Program Files\Java\jdk1.8.0_251\jre\lib\ext\sunjce_provider.jar;C:\Program Files\Java\jdk1.8.0_251\jre\lib\ext\sunmscapi.jar;C:\Program Files\Java\jdk1.8.0_251\jre\lib\ext\sunpkcs11.jar;C:\Program Files\Java\jdk1.8.0_251\jre\lib\ext\zipfs.jar;C:\Program Files\Java\jdk1.8.0_251\jre\lib\javaws.jar;C:\Program Files\Java\jdk1.8.0_251\jre\lib\jce.jar;C:\Program Files\Java\jdk1.8.0_251\jre\lib\jfr.jar;C:\Program Files\Java\jdk1.8.0_251\jre\lib\jfxswt.jar;C:\Program Files\Java\jdk1.8.0_251\jre\lib\jsse.jar;C:\Program Files\Java\jdk1.8.0_251\jre\lib\management-agent.jar;C:\Program Files\Java\jdk1.8.0_251\jre\lib\plugin.jar;C:\Program Files\Java\jdk1.8.0_251\jre\lib\resources.jar;C:\Program Files\Java\jdk1.8.0_251\jre\lib\rt.jar;D:\im_workspace\imclient\target\classes;C:\Users\Admin\.m2\repository\io\netty\netty-all\4.1.68.Final\netty-all-4.1.68.Final.jar;C:\Users\Admin\.m2\repository\com\google\protobuf\protobuf-java\3.22.1\protobuf-java-3.22.1.jar;C:\Users\Admin\.m2\repository\org\projectlombok\lombok\1.18.10\lombok-1.18.10.jar;D:\program files\IntelliJ IDEA Community Edition 2020.1.1\lib\idea_rt.jar;C:\Users\Admin\AppData\Local\JetBrains\IdeaIC2020.1\captureAgent\debugger-agent.jar
Launcher Type: SUN_STANDARD

Environment Variables:
JAVA_HOME=C:\Program Files\Java\jdk1.8.0_251
PATH=C:\Program Files (x86)\Common Files\Oracle\Java\javapath;C:\Windows\system32;C:\Windows;C:\Windows\System32\Wbem;C:\Windows\System32\WindowsPowerShell\v1.0\;C:\Windows\System32\OpenSSH\;C:\Program Files\NVIDIA Corporation\NVIDIA NvDLISR;D:\program files\apache-maven-3.6.3\bin;C:\Program Files\Java\jdk1.8.0_251\bin;C:\Program Files\Amazon\AWSCLI\bin\;D:\Program Files\PuTTY\;C:\Program Files\MongoDB\Server\4.2\bin;C:\Program Files\Git\cmd;C:\Go\bin;C:\ProgramData\chocolatey\bin;D:\program files\chromedriver_win32\chromedriver.exe;C:\Windows\Microsoft.NET\Framework64\v4.0.30319;C:\Program Files\OpenSSL-Win64\bin;C:\Program Files\Amazon\AWSCLIV2\;C:\WINDOWS\system32;C:\WINDOWS;C:\WINDOWS\System32\Wbem;C:\WINDOWS\System32\WindowsPowerShell\v1.0\;C:\WINDOWS\System32\OpenSSH\;C:\Program Files\Amazon\SessionManagerPlugin\bin\;D:\program files\apache-ant-1.9.16\bin;D:\TDM-GCC-64\bin;D:\gcc-lua-install\lua\bin;D:\gcc-lua-install\luarocks-3.9.1-windows-64;C:\Users\Admin\AppData\Roaming\luarocks;d:\Users\Admin\AppData\Roaming\nvm;d:\Program Files\nodejs;C:\Program Files\Docker\Docker\resources\bin;C:\ProgramData\DockerDesktop\version-bin;E:\flutter\flutter\bin;C:\Program Files\MongoDB\Server\4.2\bin;D:\program files\protoc-22.1-win64\bin;C:\Users\Admin\AppData\Local\Programs\Python\Python38-32\Scripts\;C:\Users\Admin\AppData\Local\Programs\Python\Python38-32\;C:\Program Files\MySQL\MySQL Shell 8.0\bin\;C:\Users\Admin\AppData\Local\Microsoft\WindowsApps;D:\program files\IntelliJ IDEA Community Edition 2020.1.1\bin;;d:\Users\Admin\AppData\Local\Programs\Microsoft VS Code\bin;C:\Program Files\Docker Toolbox;C:\Users\Admin\go\bin;C:\Program Files\Elastic\Beats\7.12.0;C:\Users\Admin\AppData\Roaming\npm;d:\Users\Admin\AppData\Roaming\nvm;d:\Program Files\nodejs
USERNAME=Admin
OS=Windows_NT
PROCESSOR_IDENTIFIER=Intel64 Family 6 Model 158 Stepping 10, GenuineIntel



---------------  S Y S T E M  ---------------

OS: Windows 10.0 , 64 bit Build 19041 (10.0.19041.2546)

CPU:total 6 (initial active 6) (6 cores per cpu, 1 threads per core) family 6 model 158 stepping 10, cmov, cx8, fxsr, mmx, sse, sse2, sse3, ssse3, sse4.1, sse4.2, popcnt, avx, avx2, aes, clmul, erms, 3dnowpref, lzcnt, tsc, tscinvbit, bmi1, bmi2, adx

Memory: 4k page, physical 16741540k(5799272k free), swap 25130148k(5156k free)

vm_info: Java HotSpot(TM) 64-Bit Server VM (25.251-b08) for windows-amd64 JRE (1.8.0_251-b08), built on Mar 12 2020 06:31:49 by "" with MS VC++ 10.0 (VS2010)

time: Thu Mar 09 20:30:12 2023
timezone: 中国标准时间
elapsed time: 0 seconds (0d 0h 0m 0s)

